Using pre-set license
Built from '2020.3/staging' branch; Version is '2020.3.23f1 (c5d91304a876) revision 12966163'; Using compiler version '192528614'; Build Type 'Release'
OS: 'Windows 10 Pro N; OS build 19043.1586; Version 2009; 64bit' Language: 'en' Physical Memory: 32612 MB
BatchMode: 1, IsHumanControllingUs: 0, StartBugReporterOnCrash: 0, Is64bit: 1, IsPro: 0

COMMAND LINE ARGUMENTS:
C:\Program Files\Unity\Hub\Editor\2020.3.23f1\Editor\Unity.exe
-adb2
-batchMode
-noUpm
-name
AssetImportWorker0
-projectPath
C:/Users/Bauer/Downloads/DustyTrail-20211214T001157Z-001/DustyTrail
-logFile
Logs/AssetImportWorker0.log
-srvPort
50293
Successfully changed project path to: C:/Users/Bauer/Downloads/DustyTrail-20211214T001157Z-001/DustyTrail
C:/Users/Bauer/Downloads/DustyTrail-20211214T001157Z-001/DustyTrail
Using Asset Import Pipeline V2.
Refreshing native plugins compatible for Editor in 71.37 ms, found 3 plugins.
Preloading 0 native plugins for Editor in 0.00 ms.
Initialize engine version: 2020.3.23f1 (c5d91304a876)
[Subsystems] Discovering subsystems at path C:/Program Files/Unity/Hub/Editor/2020.3.23f1/Editor/Data/Resources/UnitySubsystems
[Subsystems] Discovering subsystems at path C:/Users/Bauer/Downloads/DustyTrail-20211214T001157Z-001/DustyTrail/Assets
GfxDevice: creating device client; threaded=0
Direct3D:
    Version:  Direct3D 11.0 [level 11.1]
    Renderer: NVIDIA GeForce RTX 2070 with Max-Q Design (ID=0x1f10)
    Vendor:   
    VRAM:     8031 MB
    Driver:   30.0.15.1179
Initialize mono
Mono path[0] = 'C:/Program Files/Unity/Hub/Editor/2020.3.23f1/Editor/Data/Managed'
Mono path[1] = 'C:/Program Files/Unity/Hub/Editor/2020.3.23f1/Editor/Data/MonoBleedingEdge/lib/mono/unityjit'
Mono config path = 'C:/Program Files/Unity/Hub/Editor/2020.3.23f1/Editor/Data/MonoBleedingEdge/etc'
Using monoOptions --debugger-agent=transport=dt_socket,embedding=1,server=y,suspend=n,address=127.0.0.1:56216
Begin MonoManager ReloadAssembly
Registering precompiled unity dll's ...
Register platform support module: C:/Program Files/Unity/Hub/Editor/2020.3.23f1/Editor/Data/PlaybackEngines/WindowsStandaloneSupport/UnityEditor.WindowsStandalone.Extensions.dll
Registered in 0.001942 seconds.
Native extension for WindowsStandalone target not found
Refreshing native plugins compatible for Editor in 62.53 ms, found 3 plugins.
Preloading 0 native plugins for Editor in 0.00 ms.
Mono: successfully reloaded assembly
- Completed reload, in  0.598 seconds
Domain Reload Profiling:
	ReloadAssembly (598ms)
		BeginReloadAssembly (75ms)
			ExecutionOrderSort (0ms)
			DisableScriptedObjects (0ms)
			BackupInstance (0ms)
			ReleaseScriptingObjects (0ms)
			CreateAndSetChildDomain (1ms)
		EndReloadAssembly (452ms)
			LoadAssemblies (73ms)
			RebuildTransferFunctionScriptingTraits (0ms)
			SetupTypeCache (145ms)
			ReleaseScriptCaches (0ms)
			RebuildScriptCaches (32ms)
			SetupLoadedEditorAssemblies (182ms)
				LogAssemblyErrors (0ms)
				InitializePlatformSupportModulesInManaged (4ms)
				SetLoadedEditorAssemblies (0ms)
				RefreshPlugins (63ms)
				BeforeProcessingInitializeOnLoad (12ms)
				ProcessInitializeOnLoadAttributes (76ms)
				ProcessInitializeOnLoadMethodAttributes (27ms)
				AfterProcessingInitializeOnLoad (0ms)
				EditorAssembliesLoaded (0ms)
			ExecutionOrderSort2 (0ms)
			AwakeInstancesAfterBackupRestoration (0ms)
Platform modules already initialized, skipping
Registering precompiled user dll's ...
Registered in 0.005725 seconds.
ASSEMBLY OVERRIDES: * override found for Unity assembly UnityEngine.UIElementsModule.dll (override path Library/ScriptAssemblies/UnityEngine.UIElementsModule.dll)
ASSEMBLY OVERRIDES: * override found for Unity assembly UnityEditor.UIElementsModule.dll (override path Library/ScriptAssemblies/UnityEditor.UIElementsModule.dll)
Begin MonoManager ReloadAssembly
ASSEMBLY OVERRIDES: * override found for Unity assembly UnityEngine.UIElementsModule.dll (override path Library/ScriptAssemblies/UnityEngine.UIElementsModule.dll)
ASSEMBLY OVERRIDES: * override found for Unity assembly UnityEditor.UIElementsModule.dll (override path Library/ScriptAssemblies/UnityEditor.UIElementsModule.dll)
Symbol file LoadedFromMemory is not a mono symbol file
Native extension for WindowsStandalone target not found
Refreshing native plugins compatible for Editor in 69.89 ms, found 3 plugins.
Preloading 0 native plugins for Editor in 0.00 ms.
ASSEMBLY OVERRIDES: * override found for Unity assembly UnityEngine.UIElementsModule.dll (override path Library/ScriptAssemblies/UnityEngine.UIElementsModule.dll)
ASSEMBLY OVERRIDES: * override found for Unity assembly UnityEditor.UIElementsModule.dll (override path Library/ScriptAssemblies/UnityEditor.UIElementsModule.dll)
ASSEMBLY OVERRIDES: * override found for Unity assembly UnityEngine.UIElementsModule.dll (override path Library/ScriptAssemblies/UnityEngine.UIElementsModule.dll)
ASSEMBLY OVERRIDES: * override found for Unity assembly UnityEditor.UIElementsModule.dll (override path Library/ScriptAssemblies/UnityEditor.UIElementsModule.dll)
Mono: successfully reloaded assembly
- Completed reload, in  1.302 seconds
Domain Reload Profiling:
	ReloadAssembly (1303ms)
		BeginReloadAssembly (154ms)
			ExecutionOrderSort (0ms)
			DisableScriptedObjects (4ms)
			BackupInstance (0ms)
			ReleaseScriptingObjects (0ms)
			CreateAndSetChildDomain (19ms)
		EndReloadAssembly (1084ms)
			LoadAssemblies (101ms)
			RebuildTransferFunctionScriptingTraits (0ms)
			SetupTypeCache (342ms)
			ReleaseScriptCaches (1ms)
			RebuildScriptCaches (58ms)
			SetupLoadedEditorAssemblies (448ms)
				LogAssemblyErrors (0ms)
				InitializePlatformSupportModulesInManaged (3ms)
				SetLoadedEditorAssemblies (0ms)
				RefreshPlugins (70ms)
				BeforeProcessingInitializeOnLoad (106ms)
				ProcessInitializeOnLoadAttributes (207ms)
				ProcessInitializeOnLoadMethodAttributes (53ms)
				AfterProcessingInitializeOnLoad (8ms)
				EditorAssembliesLoaded (0ms)
			ExecutionOrderSort2 (0ms)
			AwakeInstancesAfterBackupRestoration (10ms)
Platform modules already initialized, skipping
========================================================================
Worker process is ready to serve import requests
Launched and connected shader compiler UnityShaderCompiler.exe after 0.07 seconds
Refreshing native plugins compatible for Editor in 0.69 ms, found 3 plugins.
Preloading 0 native plugins for Editor in 0.00 ms.
Unloading 2954 Unused Serialized files (Serialized files now loaded: 0)
System memory in use before: 125.1 MB.
System memory in use after: 125.3 MB.

Unloading 119 unused Assets to reduce memory usage. Loaded Objects now: 3296.
Total: 4.174300 ms (FindLiveObjects: 0.277800 ms CreateObjectMapping: 0.119600 ms MarkObjects: 3.343400 ms  DeleteObjects: 0.432600 ms)

AssetImportParameters requested are different than current active one (requested -> active):
  custom:framework-win-MediaFoundation: 216162199b28c13a410421893ffa2e32 -> 
  custom:video-decoder-ogg-theora: a1e56fd34408186e4bbccfd4996cb3dc -> 
  custom:container-muxer-webm: aa71ff27fc2769a1b78a27578f13a17b -> 
  custom:container-demuxer-webm: 4f35f7cbe854078d1ac9338744f61a02 -> 
  custom:container-demuxer-ogg: 62fdf1f143b41e24485cea50d1cbac27 -> 
  custom:video-encoder-webm-vp8: eb34c28f22e8b96e1ab97ce403110664 -> 
  custom:video-decoder-webm-vp8: 9c59270c3fd7afecdb556c50c9e8de78 -> 
  custom:audio-decoder-ogg-vorbis: bf7c407c2cedff20999df2af8eb42d56 -> 
  custom:audio-encoder-webm-vorbis: bf7c407c2cedff20999df2af8eb42d56 -> 
========================================================================
Received Import Request.
  path: Assets/Scripts/NewAssembly.asmdef
  artifactKey: Guid(9f628a6c52d475642addb14119b5cb79) Importer(815301076,1909f56bfc062723c751e8b465ee728b)
Start importing Assets/Scripts/NewAssembly.asmdef using Guid(9f628a6c52d475642addb14119b5cb79) Importer(815301076,1909f56bfc062723c751e8b465ee728b)  -> (artifact id: 'd3e4a2d99fe9ed07d73fb1fef87d3f12') in 0.025734 seconds 
  Import took 0.030594 seconds .

========================================================================
Received Import Request.
  Time since last request: 35.688161 seconds.
  path: Assets/Player.prefab
  artifactKey: Guid(a5efacba4ead1b749b5aa585956d95f3) Importer(815301076,1909f56bfc062723c751e8b465ee728b)
Start importing Assets/Player.prefab using Guid(a5efacba4ead1b749b5aa585956d95f3) Importer(815301076,1909f56bfc062723c751e8b465ee728b)  -> (artifact id: 'e0af1e7d43df5e30bef1e46056080faf') in 0.237604 seconds 
  Import took 0.245807 seconds .

========================================================================
Received Import Request.
  Time since last request: 0.000442 seconds.
  path: Assets/testb.png
  artifactKey: Guid(826e56c11a8a75747870bc09a3fa2b1d) Importer(815301076,1909f56bfc062723c751e8b465ee728b)
Start importing Assets/testb.png using Guid(826e56c11a8a75747870bc09a3fa2b1d) Importer(815301076,1909f56bfc062723c751e8b465ee728b)  -> (artifact id: 'b62689af4f98e944a409c240e0656826') in 0.047786 seconds 
  Import took 0.053554 seconds .

========================================================================
Received Prepare
Registering precompiled user dll's ...
Registered in 0.005257 seconds.
ASSEMBLY OVERRIDES: * override found for Unity assembly UnityEngine.UIElementsModule.dll (override path Library/ScriptAssemblies/UnityEngine.UIElementsModule.dll)
ASSEMBLY OVERRIDES: * override found for Unity assembly UnityEditor.UIElementsModule.dll (override path Library/ScriptAssemblies/UnityEditor.UIElementsModule.dll)
ASSEMBLY OVERRIDES: * override found for Unity assembly UnityEngine.UIElementsModule.dll (override path Library/ScriptAssemblies/UnityEngine.UIElementsModule.dll)
ASSEMBLY OVERRIDES: * override found for Unity assembly UnityEditor.UIElementsModule.dll (override path Library/ScriptAssemblies/UnityEditor.UIElementsModule.dll)
Begin MonoManager ReloadAssembly
ASSEMBLY OVERRIDES: * override found for Unity assembly UnityEngine.UIElementsModule.dll (override path Library/ScriptAssemblies/UnityEngine.UIElementsModule.dll)
ASSEMBLY OVERRIDES: * override found for Unity assembly UnityEditor.UIElementsModule.dll (override path Library/ScriptAssemblies/UnityEditor.UIElementsModule.dll)
Symbol file LoadedFromMemory is not a mono symbol file
Native extension for WindowsStandalone target not found
Refreshing native plugins compatible for Editor in 0.69 ms, found 3 plugins.
Preloading 0 native plugins for Editor in 0.00 ms.
ASSEMBLY OVERRIDES: * override found for Unity assembly UnityEngine.UIElementsModule.dll (override path Library/ScriptAssemblies/UnityEngine.UIElementsModule.dll)
ASSEMBLY OVERRIDES: * override found for Unity assembly UnityEditor.UIElementsModule.dll (override path Library/ScriptAssemblies/UnityEditor.UIElementsModule.dll)
ASSEMBLY OVERRIDES: * override found for Unity assembly UnityEngine.UIElementsModule.dll (override path Library/ScriptAssemblies/UnityEngine.UIElementsModule.dll)
ASSEMBLY OVERRIDES: * override found for Unity assembly UnityEditor.UIElementsModule.dll (override path Library/ScriptAssemblies/UnityEditor.UIElementsModule.dll)
Mono: successfully reloaded assembly
- Completed reload, in  1.020 seconds
Domain Reload Profiling:
	ReloadAssembly (1021ms)
		BeginReloadAssembly (133ms)
			ExecutionOrderSort (0ms)
			DisableScriptedObjects (5ms)
			BackupInstance (0ms)
			ReleaseScriptingObjects (0ms)
			CreateAndSetChildDomain (43ms)
		EndReloadAssembly (828ms)
			LoadAssemblies (86ms)
			RebuildTransferFunctionScriptingTraits (0ms)
			SetupTypeCache (276ms)
			ReleaseScriptCaches (1ms)
			RebuildScriptCaches (42ms)
			SetupLoadedEditorAssemblies (331ms)
				LogAssemblyErrors (0ms)
				InitializePlatformSupportModulesInManaged (4ms)
				SetLoadedEditorAssemblies (0ms)
				RefreshPlugins (1ms)
				BeforeProcessingInitializeOnLoad (96ms)
				ProcessInitializeOnLoadAttributes (176ms)
				ProcessInitializeOnLoadMethodAttributes (47ms)
				AfterProcessingInitializeOnLoad (6ms)
				EditorAssembliesLoaded (0ms)
			ExecutionOrderSort2 (0ms)
			AwakeInstancesAfterBackupRestoration (8ms)
Platform modules already initialized, skipping
Refreshing native plugins compatible for Editor in 0.75 ms, found 3 plugins.
Preloading 0 native plugins for Editor in 0.00 ms.
Unloading 2932 Unused Serialized files (Serialized files now loaded: 0)
System memory in use before: 126.5 MB.
System memory in use after: 126.7 MB.

Unloading 108 unused Assets to reduce memory usage. Loaded Objects now: 3308.
Total: 4.090600 ms (FindLiveObjects: 0.327600 ms CreateObjectMapping: 0.215300 ms MarkObjects: 3.080200 ms  DeleteObjects: 0.466200 ms)

AssetImportParameters requested are different than current active one (requested -> active):
  custom:framework-win-MediaFoundation: 216162199b28c13a410421893ffa2e32 -> 
  custom:video-decoder-ogg-theora: a1e56fd34408186e4bbccfd4996cb3dc -> 
  custom:container-muxer-webm: aa71ff27fc2769a1b78a27578f13a17b -> 
  custom:container-demuxer-webm: 4f35f7cbe854078d1ac9338744f61a02 -> 
  custom:container-demuxer-ogg: 62fdf1f143b41e24485cea50d1cbac27 -> 
  custom:video-encoder-webm-vp8: eb34c28f22e8b96e1ab97ce403110664 -> 
  custom:video-decoder-webm-vp8: 9c59270c3fd7afecdb556c50c9e8de78 -> 
  custom:audio-decoder-ogg-vorbis: bf7c407c2cedff20999df2af8eb42d56 -> 
  custom:audio-encoder-webm-vorbis: bf7c407c2cedff20999df2af8eb42d56 -> 
========================================================================
Received Import Request.
  Time since last request: 208.614031 seconds.
  path: Assets/copyspright/Gorilla
  artifactKey: Guid(e6f76070e465a42bc946f81986f6b21d) Importer(815301076,1909f56bfc062723c751e8b465ee728b)
Start importing Assets/copyspright/Gorilla using Guid(e6f76070e465a42bc946f81986f6b21d) Importer(815301076,1909f56bfc062723c751e8b465ee728b)  -> (artifact id: '1a97a3b7b46956790b9be5dbedccf503') in 0.009452 seconds 
  Import took 0.014704 seconds .

========================================================================
Received Import Request.
  Time since last request: 1.708572 seconds.
  path: Assets/copyspright/Gorilla/Demo
  artifactKey: Guid(3db1572f98994ac299b37503911ce4c3) Importer(815301076,1909f56bfc062723c751e8b465ee728b)
Start importing Assets/copyspright/Gorilla/Demo using Guid(3db1572f98994ac299b37503911ce4c3) Importer(815301076,1909f56bfc062723c751e8b465ee728b)  -> (artifact id: 'db7829cb4f24f8a1667bf065a0bc90b2') in 0.019837 seconds 
  Import took 0.024361 seconds .

========================================================================
Received Import Request.
  Time since last request: 1.594143 seconds.
  path: Assets/copyspright/Gorilla/Sprites
  artifactKey: Guid(ecedb893f1a44be5a89daba6938af8a9) Importer(815301076,1909f56bfc062723c751e8b465ee728b)
Start importing Assets/copyspright/Gorilla/Sprites using Guid(ecedb893f1a44be5a89daba6938af8a9) Importer(815301076,1909f56bfc062723c751e8b465ee728b)  -> (artifact id: '97ce1c9f92e2646ad624a5f34efd5aaa') in 0.006071 seconds 
  Import took 0.010440 seconds .

========================================================================
Received Import Request.
  Time since last request: 0.094666 seconds.
  path: Assets/copyspright/Gorilla/Sprites/character_bow.png
  artifactKey: Guid(640aea87f09740a9a6e309a6b708bc39) Importer(815301076,1909f56bfc062723c751e8b465ee728b)
Start importing Assets/copyspright/Gorilla/Sprites/character_bow.png using Guid(640aea87f09740a9a6e309a6b708bc39) Importer(815301076,1909f56bfc062723c751e8b465ee728b)  -> (artifact id: '240c4438e29a44a1f3e2aa0e1ce1784d') in 0.062212 seconds 
  Import took 0.066319 seconds .

========================================================================
Received Import Request.
  Time since last request: 0.000275 seconds.
  path: Assets/copyspright/Gorilla/Sprites/world_bullets.png
  artifactKey: Guid(9e51d4eb90164b78acf0bb99f2bcd3f6) Importer(815301076,1909f56bfc062723c751e8b465ee728b)
Start importing Assets/copyspright/Gorilla/Sprites/world_bullets.png using Guid(9e51d4eb90164b78acf0bb99f2bcd3f6) Importer(815301076,1909f56bfc062723c751e8b465ee728b)  -> (artifact id: 'a392424d30597d68fa517903595898c2') in 0.027741 seconds 
  Import took 0.031541 seconds .

========================================================================
Received Import Request.
  Time since last request: 0.000291 seconds.
  path: Assets/copyspright/Gorilla/Sprites/character_hit1.png
  artifactKey: Guid(fa984d6e6bd04040b3cabb8c700e61b0) Importer(815301076,1909f56bfc062723c751e8b465ee728b)
Start importing Assets/copyspright/Gorilla/Sprites/character_hit1.png using Guid(fa984d6e6bd04040b3cabb8c700e61b0) Importer(815301076,1909f56bfc062723c751e8b465ee728b)  -> (artifact id: '3c0b0816d037121807a74adae08aadad') in 0.144343 seconds 
  Import took 0.148642 seconds .

========================================================================
Received Import Request.
  Time since last request: 0.000290 seconds.
  path: Assets/copyspright/Gorilla/Sprites/weapon_gun.png
  artifactKey: Guid(5c8dbe0a717b44d5b42efcc39e541e71) Importer(815301076,1909f56bfc062723c751e8b465ee728b)
Start importing Assets/copyspright/Gorilla/Sprites/weapon_gun.png using Guid(5c8dbe0a717b44d5b42efcc39e541e71) Importer(815301076,1909f56bfc062723c751e8b465ee728b)  -> (artifact id: '52bdebba9bc113223fa1b0c5196ba79c') in 0.021367 seconds 
  Import took 0.025179 seconds .

========================================================================
Received Import Request.
  Time since last request: 0.000257 seconds.
  path: Assets/copyspright/Gorilla/Sprites/character_duck.png
  artifactKey: Guid(abe4438784204c03b7a0ffa5fb2b0f45) Importer(815301076,1909f56bfc062723c751e8b465ee728b)
Start importing Assets/copyspright/Gorilla/Sprites/character_duck.png using Guid(abe4438784204c03b7a0ffa5fb2b0f45) Importer(815301076,1909f56bfc062723c751e8b465ee728b)  -> (artifact id: 'df5841c362937ef3bf37cd0d6e960060') in 0.196084 seconds 
  Import took 0.200143 seconds .

========================================================================
Received Import Request.
  Time since last request: 0.000175 seconds.
  path: Assets/copyspright/Gorilla/Sprites/world_bomb_carry.png
  artifactKey: Guid(7784ebcf3ec2440db2a2ce5497d8612b) Importer(815301076,1909f56bfc062723c751e8b465ee728b)
Start importing Assets/copyspright/Gorilla/Sprites/world_bomb_carry.png using Guid(7784ebcf3ec2440db2a2ce5497d8612b) Importer(815301076,1909f56bfc062723c751e8b465ee728b)  -> (artifact id: '8fd163759fc1d365ad1d2d259afbdec8') in 0.205133 seconds 
  Import took 0.209678 seconds .

========================================================================
Received Import Request.
  Time since last request: 0.000265 seconds.
  path: Assets/copyspright/Gorilla/Sprites/character_crawl.png
  artifactKey: Guid(1ada7d7ad0f14055b1f38872e9d9f0e2) Importer(815301076,1909f56bfc062723c751e8b465ee728b)
Start importing Assets/copyspright/Gorilla/Sprites/character_crawl.png using Guid(1ada7d7ad0f14055b1f38872e9d9f0e2) Importer(815301076,1909f56bfc062723c751e8b465ee728b)  -> (artifact id: '61b439f648e164fe8bc8b7585c42ab79') in 0.183187 seconds 
  Import took 0.187178 seconds .

========================================================================
Received Import Request.
  Time since last request: 0.000235 seconds.
  path: Assets/copyspright/Gorilla/Sprites/character_rifle.png
  artifactKey: Guid(021e6343609145369029a9f81b802661) Importer(815301076,1909f56bfc062723c751e8b465ee728b)
Start importing Assets/copyspright/Gorilla/Sprites/character_rifle.png using Guid(021e6343609145369029a9f81b802661) Importer(815301076,1909f56bfc062723c751e8b465ee728b)  -> (artifact id: '2f2f96d755954a14a037acda44b05c3a') in 0.024709 seconds 
  Import took 0.028527 seconds .

========================================================================
Received Import Request.
  Time since last request: 0.000183 seconds.
  path: Assets/copyspright/Gorilla/Sprites/character_vanish.png
  artifactKey: Guid(397b93cf47b34a64b47b13b94365e06e) Importer(815301076,1909f56bfc062723c751e8b465ee728b)
Start importing Assets/copyspright/Gorilla/Sprites/character_vanish.png using Guid(397b93cf47b34a64b47b13b94365e06e) Importer(815301076,1909f56bfc062723c751e8b465ee728b)  -> (artifact id: 'da6c2252da094d0348b7e94c9c9ea994') in 0.103998 seconds 
  Import took 0.107889 seconds .

========================================================================
Received Import Request.
  Time since last request: 0.000146 seconds.
  path: Assets/copyspright/Gorilla/Sprites/world_bomb_explosion.png
  artifactKey: Guid(019e111f9e76421ba9b6a22f484e4f1b) Importer(815301076,1909f56bfc062723c751e8b465ee728b)
Start importing Assets/copyspright/Gorilla/Sprites/world_bomb_explosion.png using Guid(019e111f9e76421ba9b6a22f484e4f1b) Importer(815301076,1909f56bfc062723c751e8b465ee728b)  -> (artifact id: '768c9b9325769d6695aa887a51e73391') in 0.045740 seconds 
  Import took 0.049654 seconds .

========================================================================
Received Import Request.
  Time since last request: 0.000220 seconds.
  path: Assets/copyspright/Gorilla/Sprites/character_jump.png
  artifactKey: Guid(8080b54462de450fabb4f2093626a629) Importer(815301076,1909f56bfc062723c751e8b465ee728b)
Start importing Assets/copyspright/Gorilla/Sprites/character_jump.png using Guid(8080b54462de450fabb4f2093626a629) Importer(815301076,1909f56bfc062723c751e8b465ee728b)  -> (artifact id: 'dc89264a64250cac775cecbc6047a4d4') in 0.149547 seconds 
  Import took 0.153685 seconds .

========================================================================
Received Import Request.
  Time since last request: 0.000222 seconds.
  path: Assets/copyspright/Gorilla/Sprites/character_walk.png
  artifactKey: Guid(4cf38da7190c40ea8a432b02da232ed8) Importer(815301076,1909f56bfc062723c751e8b465ee728b)
Start importing Assets/copyspright/Gorilla/Sprites/character_walk.png using Guid(4cf38da7190c40ea8a432b02da232ed8) Importer(815301076,1909f56bfc062723c751e8b465ee728b)  -> (artifact id: '1b2de0472e944ba716f5201e5d9f6344') in 0.112889 seconds 
  Import took 0.116831 seconds .

========================================================================
Received Import Request.
  Time since last request: 0.000141 seconds.
  path: Assets/copyspright/Gorilla/Sprites/world_bomb_hold.png
  artifactKey: Guid(da343c557c9d46c38d8743f02405680c) Importer(815301076,1909f56bfc062723c751e8b465ee728b)
Start importing Assets/copyspright/Gorilla/Sprites/world_bomb_hold.png using Guid(da343c557c9d46c38d8743f02405680c) Importer(815301076,1909f56bfc062723c751e8b465ee728b)  -> (artifact id: '21e510086c2fc08ad84ecabe326b3422') in 0.169549 seconds 
  Import took 0.174141 seconds .

========================================================================
Received Import Request.
  Time since last request: 0.000252 seconds.
  path: Assets/copyspright/Gorilla/Sprites/character_throw.png
  artifactKey: Guid(3413bfa83314473c8550cd4b39e24313) Importer(815301076,1909f56bfc062723c751e8b465ee728b)
Start importing Assets/copyspright/Gorilla/Sprites/character_throw.png using Guid(3413bfa83314473c8550cd4b39e24313) Importer(815301076,1909f56bfc062723c751e8b465ee728b)  -> (artifact id: '130eb15ee736fd519c24e859e7a87475') in 0.148987 seconds 
  Import took 0.152881 seconds .

========================================================================
Received Import Request.
  Time since last request: 0.000249 seconds.
  path: Assets/copyspright/Gorilla/Sprites/weapon_bow.png
  artifactKey: Guid(a31d47d90cd74a5a88c7c5e6f96eef33) Importer(815301076,1909f56bfc062723c751e8b465ee728b)
Start importing Assets/copyspright/Gorilla/Sprites/weapon_bow.png using Guid(a31d47d90cd74a5a88c7c5e6f96eef33) Importer(815301076,1909f56bfc062723c751e8b465ee728b)  -> (artifact id: '9bbf41541a13603d68cfe510e264f545') in 0.069279 seconds 
  Import took 0.073123 seconds .

========================================================================
Received Import Request.
  Time since last request: 0.000248 seconds.
  path: Assets/copyspright/Gorilla/Sprites/world_muzzleflash.png
  artifactKey: Guid(3b9bc176a3fa46d0a5c9e2d44a1127e1) Importer(815301076,1909f56bfc062723c751e8b465ee728b)
Start importing Assets/copyspright/Gorilla/Sprites/world_muzzleflash.png using Guid(3b9bc176a3fa46d0a5c9e2d44a1127e1) Importer(815301076,1909f56bfc062723c751e8b465ee728b)  -> (artifact id: 'afee4d47cb02442bb400d72bcc51d498') in 0.018402 seconds 
  Import took 0.022178 seconds .

========================================================================
Received Import Request.
  Time since last request: 0.000226 seconds.
  path: Assets/copyspright/Gorilla/Sprites/character_hold.png
  artifactKey: Guid(71e9fb0200aa4ab899bc8c175578d699) Importer(815301076,1909f56bfc062723c751e8b465ee728b)
Start importing Assets/copyspright/Gorilla/Sprites/character_hold.png using Guid(71e9fb0200aa4ab899bc8c175578d699) Importer(815301076,1909f56bfc062723c751e8b465ee728b)  -> (artifact id: '68fd9a8820062e5d89ecbe7fbc7e619e') in 0.235540 seconds 
  Import took 0.241235 seconds .

========================================================================
Received Import Request.
  Time since last request: 0.000209 seconds.
  path: Assets/copyspright/Gorilla/Sprites/world_arrow_basic.png
  artifactKey: Guid(3a624d61e37548949f8e0e654bf7fa2e) Importer(815301076,1909f56bfc062723c751e8b465ee728b)
Start importing Assets/copyspright/Gorilla/Sprites/world_arrow_basic.png using Guid(3a624d61e37548949f8e0e654bf7fa2e) Importer(815301076,1909f56bfc062723c751e8b465ee728b)  -> (artifact id: '1cf107e130bbc84c260813c03167e008') in 0.016146 seconds 
  Import took 0.020837 seconds .

========================================================================
Received Import Request.
  Time since last request: 0.000238 seconds.
  path: Assets/copyspright/Gorilla/Sprites/character_gun.png
  artifactKey: Guid(1c518f4c6093442196589f12f2116e91) Importer(815301076,1909f56bfc062723c751e8b465ee728b)
Start importing Assets/copyspright/Gorilla/Sprites/character_gun.png using Guid(1c518f4c6093442196589f12f2116e91) Importer(815301076,1909f56bfc062723c751e8b465ee728b)  -> (artifact id: '139d95db01ba7d54fae3d631adc65834') in 0.027641 seconds 
  Import took 0.031855 seconds .

========================================================================
Received Import Request.
  Time since last request: 0.000192 seconds.
  path: Assets/copyspright/Gorilla/Sprites/character_run.png
  artifactKey: Guid(0e351550c20a4ebfbade8c9afe8e6df1) Importer(815301076,1909f56bfc062723c751e8b465ee728b)
Start importing Assets/copyspright/Gorilla/Sprites/character_run.png using Guid(0e351550c20a4ebfbade8c9afe8e6df1) Importer(815301076,1909f56bfc062723c751e8b465ee728b)  -> (artifact id: 'e090fa4e0de11c423299e4a7f7937f91') in 0.087994 seconds 
  Import took 0.092142 seconds .

========================================================================
Received Import Request.
  Time since last request: 0.000196 seconds.
  path: Assets/copyspright/Gorilla/Sprites/world_player_shadow.png
  artifactKey: Guid(fcad34969a4b441697fed643a4e8d8c5) Importer(815301076,1909f56bfc062723c751e8b465ee728b)
Start importing Assets/copyspright/Gorilla/Sprites/world_player_shadow.png using Guid(fcad34969a4b441697fed643a4e8d8c5) Importer(815301076,1909f56bfc062723c751e8b465ee728b)  -> (artifact id: '7673239ab2c0d2b39f220d4c79346eda') in 0.016085 seconds 
  Import took 0.020401 seconds .

========================================================================
Received Import Request.
  Time since last request: 0.000310 seconds.
  path: Assets/copyspright/Gorilla/Sprites/weapon_sword.png
  artifactKey: Guid(c08bbf4fe6994f87abf67f67b476913b) Importer(815301076,1909f56bfc062723c751e8b465ee728b)
Start importing Assets/copyspright/Gorilla/Sprites/weapon_sword.png using Guid(c08bbf4fe6994f87abf67f67b476913b) Importer(815301076,1909f56bfc062723c751e8b465ee728b)  -> (artifact id: '92fb759458d46313df7bdd3484ebc1c8') in 0.145392 seconds 
  Import took 0.149545 seconds .

========================================================================
Received Import Request.
  Time since last request: 0.000273 seconds.
  path: Assets/copyspright/Gorilla/Sprites/character_carry.png
  artifactKey: Guid(e8a6b030882f481bb20abd17cb33b0e7) Importer(815301076,1909f56bfc062723c751e8b465ee728b)
Start importing Assets/copyspright/Gorilla/Sprites/character_carry.png using Guid(e8a6b030882f481bb20abd17cb33b0e7) Importer(815301076,1909f56bfc062723c751e8b465ee728b)  -> (artifact id: '8b4afad26b94fe62c0268c527522dbd5') in 0.205802 seconds 
  Import took 0.210673 seconds .

========================================================================
Received Import Request.
  Time since last request: 0.000202 seconds.
  path: Assets/copyspright/Gorilla/Sprites/character_hammer.png
  artifactKey: Guid(2669b75bb8694ad1a87120d7d5734ea3) Importer(815301076,1909f56bfc062723c751e8b465ee728b)
Start importing Assets/copyspright/Gorilla/Sprites/character_hammer.png using Guid(2669b75bb8694ad1a87120d7d5734ea3) Importer(815301076,1909f56bfc062723c751e8b465ee728b)  -> (artifact id: 'fa5cac0ef9bb2abae2ca75454b8166f0') in 0.283248 seconds 
  Import took 0.288349 seconds .

========================================================================
Received Import Request.
  Time since last request: 0.000206 seconds.
  path: Assets/copyspright/Gorilla/Sprites/character_slide.png
  artifactKey: Guid(1f04105761d54896827cb4db5f199722) Importer(815301076,1909f56bfc062723c751e8b465ee728b)
Start importing Assets/copyspright/Gorilla/Sprites/character_slide.png using Guid(1f04105761d54896827cb4db5f199722) Importer(815301076,1909f56bfc062723c751e8b465ee728b)  -> (artifact id: '178a637126ee3a2c12240a391002d455') in 0.092965 seconds 
  Import took 0.097066 seconds .

========================================================================
Received Import Request.
  Time since last request: 0.000182 seconds.
  path: Assets/copyspright/Gorilla/Sprites/weapon_hammer.png
  artifactKey: Guid(dd2eef8f85c649d48abaa81bee5117c6) Importer(815301076,1909f56bfc062723c751e8b465ee728b)
Start importing Assets/copyspright/Gorilla/Sprites/weapon_hammer.png using Guid(dd2eef8f85c649d48abaa81bee5117c6) Importer(815301076,1909f56bfc062723c751e8b465ee728b)  -> (artifact id: '4826c63cc5de470f0a0aae8b61dafbc5') in 0.251176 seconds 
  Import took 0.256271 seconds .

========================================================================
Received Import Request.
  Time since last request: 0.000303 seconds.
  path: Assets/copyspright/Gorilla/Sprites/character_sword.png
  artifactKey: Guid(4e38f5829e504ac08598763f393e211c) Importer(815301076,1909f56bfc062723c751e8b465ee728b)
Start importing Assets/copyspright/Gorilla/Sprites/character_sword.png using Guid(4e38f5829e504ac08598763f393e211c) Importer(815301076,1909f56bfc062723c751e8b465ee728b)  -> (artifact id: '4a71f0caaf4d1a13be2e7ccfc62afdfc') in 0.210764 seconds 
  Import took 0.215427 seconds .

========================================================================
Received Import Request.
  Time since last request: 0.000230 seconds.
  path: Assets/copyspright/Gorilla/Sprites/weapon_sycthe.png
  artifactKey: Guid(356f14bcc43444d289b0d0e52f08f22c) Importer(815301076,1909f56bfc062723c751e8b465ee728b)
Start importing Assets/copyspright/Gorilla/Sprites/weapon_sycthe.png using Guid(356f14bcc43444d289b0d0e52f08f22c) Importer(815301076,1909f56bfc062723c751e8b465ee728b)  -> (artifact id: '46c1812a6be64c732bb2e900f43b0ecb') in 0.146948 seconds 
  Import took 0.151447 seconds .

========================================================================
Received Import Request.
  Time since last request: 0.000277 seconds.
  path: Assets/copyspright/Gorilla/Sprites/world_desert.png
  artifactKey: Guid(e435a3c15cad40ba906e41f14c26a858) Importer(815301076,1909f56bfc062723c751e8b465ee728b)
Start importing Assets/copyspright/Gorilla/Sprites/world_desert.png using Guid(e435a3c15cad40ba906e41f14c26a858) Importer(815301076,1909f56bfc062723c751e8b465ee728b)  -> (artifact id: '4658155d59d7055c6beff09eb1dc351b') in 0.280486 seconds 
  Import took 0.285163 seconds .

========================================================================
Received Import Request.
  Time since last request: 0.000258 seconds.
  path: Assets/copyspright/Gorilla/Sprites/world_bomb_ground.png
  artifactKey: Guid(42cc62e8e251413a8fe20718b62f0ac9) Importer(815301076,1909f56bfc062723c751e8b465ee728b)
Start importing Assets/copyspright/Gorilla/Sprites/world_bomb_ground.png using Guid(42cc62e8e251413a8fe20718b62f0ac9) Importer(815301076,1909f56bfc062723c751e8b465ee728b)  -> (artifact id: '0c315bd69dc86d043c2af4811a1720df') in 0.064189 seconds 
  Import took 0.068108 seconds .

========================================================================
Received Import Request.
  Time since last request: 0.000261 seconds.
  path: Assets/copyspright/Gorilla/Sprites/world_wood_barrier.png
  artifactKey: Guid(55b8801274fb4a97acdb768145902ea5) Importer(815301076,1909f56bfc062723c751e8b465ee728b)
Start importing Assets/copyspright/Gorilla/Sprites/world_wood_barrier.png using Guid(55b8801274fb4a97acdb768145902ea5) Importer(815301076,1909f56bfc062723c751e8b465ee728b)  -> (artifact id: 'f62400907192dd983c373021685d8c46') in 0.093025 seconds 
  Import took 0.097355 seconds .

========================================================================
Received Import Request.
  Time since last request: 0.000258 seconds.
  path: Assets/copyspright/Gorilla/Sprites/character_hit2.png
  artifactKey: Guid(84581a8655e144a2a97498e15ef22768) Importer(815301076,1909f56bfc062723c751e8b465ee728b)
Start importing Assets/copyspright/Gorilla/Sprites/character_hit2.png using Guid(84581a8655e144a2a97498e15ef22768) Importer(815301076,1909f56bfc062723c751e8b465ee728b)  -> (artifact id: 'fa644807708a0514e82a9c412872d766') in 0.104783 seconds 
  Import took 0.108773 seconds .

========================================================================
Received Import Request.
  Time since last request: 0.000214 seconds.
  path: Assets/copyspright/Gorilla/Sprites/weapon_rifle.png
  artifactKey: Guid(75eb9c3535374d92aa6a31d33860c129) Importer(815301076,1909f56bfc062723c751e8b465ee728b)
Start importing Assets/copyspright/Gorilla/Sprites/weapon_rifle.png using Guid(75eb9c3535374d92aa6a31d33860c129) Importer(815301076,1909f56bfc062723c751e8b465ee728b)  -> (artifact id: '8bf3a661efae577b67e861b26da4db1d') in 0.020214 seconds 
  Import took 0.024332 seconds .

========================================================================
Received Import Request.
  Time since last request: 0.000211 seconds.
  path: Assets/copyspright/Gorilla/Sprites/character_sycthe.png
  artifactKey: Guid(30819a570cb849fbaa5499e96deee722) Importer(815301076,1909f56bfc062723c751e8b465ee728b)
Start importing Assets/copyspright/Gorilla/Sprites/character_sycthe.png using Guid(30819a570cb849fbaa5499e96deee722) Importer(815301076,1909f56bfc062723c751e8b465ee728b)  -> (artifact id: '3cc9eb35476b8b10d308fd0eb129070a') in 0.167620 seconds 
  Import took 0.171854 seconds .

========================================================================
Received Import Request.
  Time since last request: 0.000251 seconds.
  path: Assets/copyspright/Gorilla/Sprites/character_idle.png
  artifactKey: Guid(a0b824eb65f74d60b83ada9106d962be) Importer(815301076,1909f56bfc062723c751e8b465ee728b)
Start importing Assets/copyspright/Gorilla/Sprites/character_idle.png using Guid(a0b824eb65f74d60b83ada9106d962be) Importer(815301076,1909f56bfc062723c751e8b465ee728b)  -> (artifact id: '3107b855384053bbef5589267687fe91') in 0.164780 seconds 
  Import took 0.168839 seconds .

========================================================================
Received Prepare
Registering precompiled user dll's ...
Registered in 0.005308 seconds.
ASSEMBLY OVERRIDES: * override found for Unity assembly UnityEngine.UIElementsModule.dll (override path Library/ScriptAssemblies/UnityEngine.UIElementsModule.dll)
ASSEMBLY OVERRIDES: * override found for Unity assembly UnityEditor.UIElementsModule.dll (override path Library/ScriptAssemblies/UnityEditor.UIElementsModule.dll)
ASSEMBLY OVERRIDES: * override found for Unity assembly UnityEngine.UIElementsModule.dll (override path Library/ScriptAssemblies/UnityEngine.UIElementsModule.dll)
ASSEMBLY OVERRIDES: * override found for Unity assembly UnityEditor.UIElementsModule.dll (override path Library/ScriptAssemblies/UnityEditor.UIElementsModule.dll)
Begin MonoManager ReloadAssembly
ASSEMBLY OVERRIDES: * override found for Unity assembly UnityEngine.UIElementsModule.dll (override path Library/ScriptAssemblies/UnityEngine.UIElementsModule.dll)
ASSEMBLY OVERRIDES: * override found for Unity assembly UnityEditor.UIElementsModule.dll (override path Library/ScriptAssemblies/UnityEditor.UIElementsModule.dll)
Symbol file LoadedFromMemory is not a mono symbol file
Native extension for WindowsStandalone target not found
Refreshing native plugins compatible for Editor in 0.68 ms, found 3 plugins.
Preloading 0 native plugins for Editor in 0.00 ms.
ASSEMBLY OVERRIDES: * override found for Unity assembly UnityEngine.UIElementsModule.dll (override path Library/ScriptAssemblies/UnityEngine.UIElementsModule.dll)
ASSEMBLY OVERRIDES: * override found for Unity assembly UnityEditor.UIElementsModule.dll (override path Library/ScriptAssemblies/UnityEditor.UIElementsModule.dll)
ASSEMBLY OVERRIDES: * override found for Unity assembly UnityEngine.UIElementsModule.dll (override path Library/ScriptAssemblies/UnityEngine.UIElementsModule.dll)
ASSEMBLY OVERRIDES: * override found for Unity assembly UnityEditor.UIElementsModule.dll (override path Library/ScriptAssemblies/UnityEditor.UIElementsModule.dll)
Mono: successfully reloaded assembly
- Completed reload, in  1.020 seconds
Domain Reload Profiling:
	ReloadAssembly (1021ms)
		BeginReloadAssembly (118ms)
			ExecutionOrderSort (0ms)
			DisableScriptedObjects (5ms)
			BackupInstance (0ms)
			ReleaseScriptingObjects (0ms)
			CreateAndSetChildDomain (37ms)
		EndReloadAssembly (844ms)
			LoadAssemblies (85ms)
			RebuildTransferFunctionScriptingTraits (0ms)
			SetupTypeCache (272ms)
			ReleaseScriptCaches (1ms)
			RebuildScriptCaches (49ms)
			SetupLoadedEditorAssemblies (338ms)
				LogAssemblyErrors (0ms)
				InitializePlatformSupportModulesInManaged (4ms)
				SetLoadedEditorAssemblies (0ms)
				RefreshPlugins (1ms)
				BeforeProcessingInitializeOnLoad (96ms)
				ProcessInitializeOnLoadAttributes (173ms)
				ProcessInitializeOnLoadMethodAttributes (56ms)
				AfterProcessingInitializeOnLoad (7ms)
				EditorAssembliesLoaded (0ms)
			ExecutionOrderSort2 (0ms)
			AwakeInstancesAfterBackupRestoration (8ms)
Platform modules already initialized, skipping
Refreshing native plugins compatible for Editor in 0.77 ms, found 3 plugins.
Preloading 0 native plugins for Editor in 0.00 ms.
Unloading 2932 Unused Serialized files (Serialized files now loaded: 0)
System memory in use before: 126.7 MB.
System memory in use after: 126.9 MB.

Unloading 108 unused Assets to reduce memory usage. Loaded Objects now: 3354.
Total: 4.068000 ms (FindLiveObjects: 0.239200 ms CreateObjectMapping: 0.139800 ms MarkObjects: 2.911200 ms  DeleteObjects: 0.776900 ms)

AssetImportParameters requested are different than current active one (requested -> active):
  custom:framework-win-MediaFoundation: 216162199b28c13a410421893ffa2e32 -> 
  custom:video-decoder-ogg-theora: a1e56fd34408186e4bbccfd4996cb3dc -> 
  custom:container-muxer-webm: aa71ff27fc2769a1b78a27578f13a17b -> 
  custom:container-demuxer-webm: 4f35f7cbe854078d1ac9338744f61a02 -> 
  custom:container-demuxer-ogg: 62fdf1f143b41e24485cea50d1cbac27 -> 
  custom:video-encoder-webm-vp8: eb34c28f22e8b96e1ab97ce403110664 -> 
  custom:video-decoder-webm-vp8: 9c59270c3fd7afecdb556c50c9e8de78 -> 
  custom:audio-decoder-ogg-vorbis: bf7c407c2cedff20999df2af8eb42d56 -> 
  custom:audio-encoder-webm-vorbis: bf7c407c2cedff20999df2af8eb42d56 -> 
========================================================================
Received Prepare
Registering precompiled user dll's ...
Registered in 0.005478 seconds.
ASSEMBLY OVERRIDES: * override found for Unity assembly UnityEngine.UIElementsModule.dll (override path Library/ScriptAssemblies/UnityEngine.UIElementsModule.dll)
ASSEMBLY OVERRIDES: * override found for Unity assembly UnityEditor.UIElementsModule.dll (override path Library/ScriptAssemblies/UnityEditor.UIElementsModule.dll)
ASSEMBLY OVERRIDES: * override found for Unity assembly UnityEngine.UIElementsModule.dll (override path Library/ScriptAssemblies/UnityEngine.UIElementsModule.dll)
ASSEMBLY OVERRIDES: * override found for Unity assembly UnityEditor.UIElementsModule.dll (override path Library/ScriptAssemblies/UnityEditor.UIElementsModule.dll)
Begin MonoManager ReloadAssembly
ASSEMBLY OVERRIDES: * override found for Unity assembly UnityEngine.UIElementsModule.dll (override path Library/ScriptAssemblies/UnityEngine.UIElementsModule.dll)
ASSEMBLY OVERRIDES: * override found for Unity assembly UnityEditor.UIElementsModule.dll (override path Library/ScriptAssemblies/UnityEditor.UIElementsModule.dll)
Symbol file LoadedFromMemory is not a mono symbol file
Native extension for WindowsStandalone target not found
Refreshing native plugins compatible for Editor in 0.68 ms, found 3 plugins.
Preloading 0 native plugins for Editor in 0.00 ms.
ASSEMBLY OVERRIDES: * override found for Unity assembly UnityEngine.UIElementsModule.dll (override path Library/ScriptAssemblies/UnityEngine.UIElementsModule.dll)
ASSEMBLY OVERRIDES: * override found for Unity assembly UnityEditor.UIElementsModule.dll (override path Library/ScriptAssemblies/UnityEditor.UIElementsModule.dll)
ASSEMBLY OVERRIDES: * override found for Unity assembly UnityEngine.UIElementsModule.dll (override path Library/ScriptAssemblies/UnityEngine.UIElementsModule.dll)
ASSEMBLY OVERRIDES: * override found for Unity assembly UnityEditor.UIElementsModule.dll (override path Library/ScriptAssemblies/UnityEditor.UIElementsModule.dll)
Mono: successfully reloaded assembly
- Completed reload, in  1.107 seconds
Domain Reload Profiling:
	ReloadAssembly (1107ms)
		BeginReloadAssembly (143ms)
			ExecutionOrderSort (0ms)
			DisableScriptedObjects (6ms)
			BackupInstance (0ms)
			ReleaseScriptingObjects (0ms)
			CreateAndSetChildDomain (52ms)
		EndReloadAssembly (895ms)
			LoadAssemblies (97ms)
			RebuildTransferFunctionScriptingTraits (0ms)
			SetupTypeCache (300ms)
			ReleaseScriptCaches (1ms)
			RebuildScriptCaches (45ms)
			SetupLoadedEditorAssemblies (350ms)
				LogAssemblyErrors (0ms)
				InitializePlatformSupportModulesInManaged (4ms)
				SetLoadedEditorAssemblies (0ms)
				RefreshPlugins (1ms)
				BeforeProcessingInitializeOnLoad (98ms)
				ProcessInitializeOnLoadAttributes (188ms)
				ProcessInitializeOnLoadMethodAttributes (49ms)
				AfterProcessingInitializeOnLoad (10ms)
				EditorAssembliesLoaded (0ms)
			ExecutionOrderSort2 (0ms)
			AwakeInstancesAfterBackupRestoration (13ms)
Platform modules already initialized, skipping
Refreshing native plugins compatible for Editor in 0.84 ms, found 3 plugins.
Preloading 0 native plugins for Editor in 0.00 ms.
Unloading 2932 Unused Serialized files (Serialized files now loaded: 0)
System memory in use before: 126.8 MB.
System memory in use after: 127.0 MB.

Unloading 108 unused Assets to reduce memory usage. Loaded Objects now: 3356.
Total: 4.258800 ms (FindLiveObjects: 0.247200 ms CreateObjectMapping: 0.130400 ms MarkObjects: 3.402500 ms  DeleteObjects: 0.477100 ms)

AssetImportParameters requested are different than current active one (requested -> active):
  custom:framework-win-MediaFoundation: 216162199b28c13a410421893ffa2e32 -> 
  custom:video-decoder-ogg-theora: a1e56fd34408186e4bbccfd4996cb3dc -> 
  custom:container-muxer-webm: aa71ff27fc2769a1b78a27578f13a17b -> 
  custom:container-demuxer-webm: 4f35f7cbe854078d1ac9338744f61a02 -> 
  custom:container-demuxer-ogg: 62fdf1f143b41e24485cea50d1cbac27 -> 
  custom:video-encoder-webm-vp8: eb34c28f22e8b96e1ab97ce403110664 -> 
  custom:video-decoder-webm-vp8: 9c59270c3fd7afecdb556c50c9e8de78 -> 
  custom:audio-decoder-ogg-vorbis: bf7c407c2cedff20999df2af8eb42d56 -> 
  custom:audio-encoder-webm-vorbis: bf7c407c2cedff20999df2af8eb42d56 -> 
========================================================================
Received Prepare
Registering precompiled user dll's ...
Registered in 0.005431 seconds.
ASSEMBLY OVERRIDES: * override found for Unity assembly UnityEngine.UIElementsModule.dll (override path Library/ScriptAssemblies/UnityEngine.UIElementsModule.dll)
ASSEMBLY OVERRIDES: * override found for Unity assembly UnityEditor.UIElementsModule.dll (override path Library/ScriptAssemblies/UnityEditor.UIElementsModule.dll)
ASSEMBLY OVERRIDES: * override found for Unity assembly UnityEngine.UIElementsModule.dll (override path Library/ScriptAssemblies/UnityEngine.UIElementsModule.dll)
ASSEMBLY OVERRIDES: * override found for Unity assembly UnityEditor.UIElementsModule.dll (override path Library/ScriptAssemblies/UnityEditor.UIElementsModule.dll)
Begin MonoManager ReloadAssembly
ASSEMBLY OVERRIDES: * override found for Unity assembly UnityEngine.UIElementsModule.dll (override path Library/ScriptAssemblies/UnityEngine.UIElementsModule.dll)
ASSEMBLY OVERRIDES: * override found for Unity assembly UnityEditor.UIElementsModule.dll (override path Library/ScriptAssemblies/UnityEditor.UIElementsModule.dll)
Symbol file LoadedFromMemory is not a mono symbol file
Native extension for WindowsStandalone target not found
Refreshing native plugins compatible for Editor in 0.67 ms, found 3 plugins.
Preloading 0 native plugins for Editor in 0.00 ms.
ASSEMBLY OVERRIDES: * override found for Unity assembly UnityEngine.UIElementsModule.dll (override path Library/ScriptAssemblies/UnityEngine.UIElementsModule.dll)
ASSEMBLY OVERRIDES: * override found for Unity assembly UnityEditor.UIElementsModule.dll (override path Library/ScriptAssemblies/UnityEditor.UIElementsModule.dll)
ASSEMBLY OVERRIDES: * override found for Unity assembly UnityEngine.UIElementsModule.dll (override path Library/ScriptAssemblies/UnityEngine.UIElementsModule.dll)
ASSEMBLY OVERRIDES: * override found for Unity assembly UnityEditor.UIElementsModule.dll (override path Library/ScriptAssemblies/UnityEditor.UIElementsModule.dll)
Mono: successfully reloaded assembly
- Completed reload, in  0.980 seconds
Domain Reload Profiling:
	ReloadAssembly (980ms)
		BeginReloadAssembly (108ms)
			ExecutionOrderSort (0ms)
			DisableScriptedObjects (6ms)
			BackupInstance (0ms)
			ReleaseScriptingObjects (0ms)
			CreateAndSetChildDomain (33ms)
		EndReloadAssembly (814ms)
			LoadAssemblies (84ms)
			RebuildTransferFunctionScriptingTraits (0ms)
			SetupTypeCache (262ms)
			ReleaseScriptCaches (1ms)
			RebuildScriptCaches (41ms)
			SetupLoadedEditorAssemblies (326ms)
				LogAssemblyErrors (0ms)
				InitializePlatformSupportModulesInManaged (4ms)
				SetLoadedEditorAssemblies (0ms)
				RefreshPlugins (1ms)
				BeforeProcessingInitializeOnLoad (96ms)
				ProcessInitializeOnLoadAttributes (174ms)
				ProcessInitializeOnLoadMethodAttributes (45ms)
				AfterProcessingInitializeOnLoad (6ms)
				EditorAssembliesLoaded (0ms)
			ExecutionOrderSort2 (0ms)
			AwakeInstancesAfterBackupRestoration (8ms)
Platform modules already initialized, skipping
Refreshing native plugins compatible for Editor in 0.71 ms, found 3 plugins.
Preloading 0 native plugins for Editor in 0.00 ms.
Unloading 2932 Unused Serialized files (Serialized files now loaded: 0)
System memory in use before: 126.8 MB.
System memory in use after: 127.0 MB.

Unloading 108 unused Assets to reduce memory usage. Loaded Objects now: 3358.
Total: 3.513200 ms (FindLiveObjects: 0.238300 ms CreateObjectMapping: 0.120500 ms MarkObjects: 2.750700 ms  DeleteObjects: 0.402900 ms)

AssetImportParameters requested are different than current active one (requested -> active):
  custom:framework-win-MediaFoundation: 216162199b28c13a410421893ffa2e32 -> 
  custom:video-decoder-ogg-theora: a1e56fd34408186e4bbccfd4996cb3dc -> 
  custom:container-muxer-webm: aa71ff27fc2769a1b78a27578f13a17b -> 
  custom:container-demuxer-webm: 4f35f7cbe854078d1ac9338744f61a02 -> 
  custom:container-demuxer-ogg: 62fdf1f143b41e24485cea50d1cbac27 -> 
  custom:video-encoder-webm-vp8: eb34c28f22e8b96e1ab97ce403110664 -> 
  custom:video-decoder-webm-vp8: 9c59270c3fd7afecdb556c50c9e8de78 -> 
  custom:audio-decoder-ogg-vorbis: bf7c407c2cedff20999df2af8eb42d56 -> 
  custom:audio-encoder-webm-vorbis: bf7c407c2cedff20999df2af8eb42d56 -> 
========================================================================
Received Prepare
Registering precompiled user dll's ...
Registered in 0.005278 seconds.
ASSEMBLY OVERRIDES: * override found for Unity assembly UnityEngine.UIElementsModule.dll (override path Library/ScriptAssemblies/UnityEngine.UIElementsModule.dll)
ASSEMBLY OVERRIDES: * override found for Unity assembly UnityEditor.UIElementsModule.dll (override path Library/ScriptAssemblies/UnityEditor.UIElementsModule.dll)
ASSEMBLY OVERRIDES: * override found for Unity assembly UnityEngine.UIElementsModule.dll (override path Library/ScriptAssemblies/UnityEngine.UIElementsModule.dll)
ASSEMBLY OVERRIDES: * override found for Unity assembly UnityEditor.UIElementsModule.dll (override path Library/ScriptAssemblies/UnityEditor.UIElementsModule.dll)
Begin MonoManager ReloadAssembly
ASSEMBLY OVERRIDES: * override found for Unity assembly UnityEngine.UIElementsModule.dll (override path Library/ScriptAssemblies/UnityEngine.UIElementsModule.dll)
ASSEMBLY OVERRIDES: * override found for Unity assembly UnityEditor.UIElementsModule.dll (override path Library/ScriptAssemblies/UnityEditor.UIElementsModule.dll)
Symbol file LoadedFromMemory is not a mono symbol file
Native extension for WindowsStandalone target not found
Refreshing native plugins compatible for Editor in 0.69 ms, found 3 plugins.
Preloading 0 native plugins for Editor in 0.00 ms.
ASSEMBLY OVERRIDES: * override found for Unity assembly UnityEngine.UIElementsModule.dll (override path Library/ScriptAssemblies/UnityEngine.UIElementsModule.dll)
ASSEMBLY OVERRIDES: * override found for Unity assembly UnityEditor.UIElementsModule.dll (override path Library/ScriptAssemblies/UnityEditor.UIElementsModule.dll)
ASSEMBLY OVERRIDES: * override found for Unity assembly UnityEngine.UIElementsModule.dll (override path Library/ScriptAssemblies/UnityEngine.UIElementsModule.dll)
ASSEMBLY OVERRIDES: * override found for Unity assembly UnityEditor.UIElementsModule.dll (override path Library/ScriptAssemblies/UnityEditor.UIElementsModule.dll)
Mono: successfully reloaded assembly
- Completed reload, in  0.977 seconds
Domain Reload Profiling:
	ReloadAssembly (977ms)
		BeginReloadAssembly (114ms)
			ExecutionOrderSort (0ms)
			DisableScriptedObjects (5ms)
			BackupInstance (0ms)
			ReleaseScriptingObjects (0ms)
			CreateAndSetChildDomain (31ms)
		EndReloadAssembly (805ms)
			LoadAssemblies (82ms)
			RebuildTransferFunctionScriptingTraits (0ms)
			SetupTypeCache (262ms)
			ReleaseScriptCaches (1ms)
			RebuildScriptCaches (46ms)
			SetupLoadedEditorAssemblies (322ms)
				LogAssemblyErrors (0ms)
				InitializePlatformSupportModulesInManaged (4ms)
				SetLoadedEditorAssemblies (0ms)
				RefreshPlugins (1ms)
				BeforeProcessingInitializeOnLoad (94ms)
				ProcessInitializeOnLoadAttributes (172ms)
				ProcessInitializeOnLoadMethodAttributes (44ms)
				AfterProcessingInitializeOnLoad (6ms)
				EditorAssembliesLoaded (0ms)
			ExecutionOrderSort2 (0ms)
			AwakeInstancesAfterBackupRestoration (8ms)
Platform modules already initialized, skipping
Refreshing native plugins compatible for Editor in 0.68 ms, found 3 plugins.
Preloading 0 native plugins for Editor in 0.00 ms.
Unloading 2932 Unused Serialized files (Serialized files now loaded: 0)
System memory in use before: 126.8 MB.
System memory in use after: 127.0 MB.

Unloading 108 unused Assets to reduce memory usage. Loaded Objects now: 3360.
Total: 3.727200 ms (FindLiveObjects: 0.278000 ms CreateObjectMapping: 0.181500 ms MarkObjects: 2.859500 ms  DeleteObjects: 0.407500 ms)

AssetImportParameters requested are different than current active one (requested -> active):
  custom:framework-win-MediaFoundation: 216162199b28c13a410421893ffa2e32 -> 
  custom:video-decoder-ogg-theora: a1e56fd34408186e4bbccfd4996cb3dc -> 
  custom:container-muxer-webm: aa71ff27fc2769a1b78a27578f13a17b -> 
  custom:container-demuxer-webm: 4f35f7cbe854078d1ac9338744f61a02 -> 
  custom:container-demuxer-ogg: 62fdf1f143b41e24485cea50d1cbac27 -> 
  custom:video-encoder-webm-vp8: eb34c28f22e8b96e1ab97ce403110664 -> 
  custom:video-decoder-webm-vp8: 9c59270c3fd7afecdb556c50c9e8de78 -> 
  custom:audio-decoder-ogg-vorbis: bf7c407c2cedff20999df2af8eb42d56 -> 
  custom:audio-encoder-webm-vorbis: bf7c407c2cedff20999df2af8eb42d56 -> 
========================================================================
Received Prepare
Registering precompiled user dll's ...
Registered in 0.005634 seconds.
ASSEMBLY OVERRIDES: * override found for Unity assembly UnityEngine.UIElementsModule.dll (override path Library/ScriptAssemblies/UnityEngine.UIElementsModule.dll)
ASSEMBLY OVERRIDES: * override found for Unity assembly UnityEditor.UIElementsModule.dll (override path Library/ScriptAssemblies/UnityEditor.UIElementsModule.dll)
ASSEMBLY OVERRIDES: * override found for Unity assembly UnityEngine.UIElementsModule.dll (override path Library/ScriptAssemblies/UnityEngine.UIElementsModule.dll)
ASSEMBLY OVERRIDES: * override found for Unity assembly UnityEditor.UIElementsModule.dll (override path Library/ScriptAssemblies/UnityEditor.UIElementsModule.dll)
Begin MonoManager ReloadAssembly
ASSEMBLY OVERRIDES: * override found for Unity assembly UnityEngine.UIElementsModule.dll (override path Library/ScriptAssemblies/UnityEngine.UIElementsModule.dll)
ASSEMBLY OVERRIDES: * override found for Unity assembly UnityEditor.UIElementsModule.dll (override path Library/ScriptAssemblies/UnityEditor.UIElementsModule.dll)
Symbol file LoadedFromMemory is not a mono symbol file
Native extension for WindowsStandalone target not found
Refreshing native plugins compatible for Editor in 0.68 ms, found 3 plugins.
Preloading 0 native plugins for Editor in 0.00 ms.
ASSEMBLY OVERRIDES: * override found for Unity assembly UnityEngine.UIElementsModule.dll (override path Library/ScriptAssemblies/UnityEngine.UIElementsModule.dll)
ASSEMBLY OVERRIDES: * override found for Unity assembly UnityEditor.UIElementsModule.dll (override path Library/ScriptAssemblies/UnityEditor.UIElementsModule.dll)
ASSEMBLY OVERRIDES: * override found for Unity assembly UnityEngine.UIElementsModule.dll (override path Library/ScriptAssemblies/UnityEngine.UIElementsModule.dll)
ASSEMBLY OVERRIDES: * override found for Unity assembly UnityEditor.UIElementsModule.dll (override path Library/ScriptAssemblies/UnityEditor.UIElementsModule.dll)
Mono: successfully reloaded assembly
- Completed reload, in  1.093 seconds
Domain Reload Profiling:
	ReloadAssembly (1093ms)
		BeginReloadAssembly (119ms)
			ExecutionOrderSort (0ms)
			DisableScriptedObjects (7ms)
			BackupInstance (0ms)
			ReleaseScriptingObjects (0ms)
			CreateAndSetChildDomain (36ms)
		EndReloadAssembly (908ms)
			LoadAssemblies (94ms)
			RebuildTransferFunctionScriptingTraits (0ms)
			SetupTypeCache (345ms)
			ReleaseScriptCaches (1ms)
			RebuildScriptCaches (41ms)
			SetupLoadedEditorAssemblies (332ms)
				LogAssemblyErrors (0ms)
				InitializePlatformSupportModulesInManaged (4ms)
				SetLoadedEditorAssemblies (0ms)
				RefreshPlugins (1ms)
				BeforeProcessingInitializeOnLoad (93ms)
				ProcessInitializeOnLoadAttributes (177ms)
				ProcessInitializeOnLoadMethodAttributes (50ms)
				AfterProcessingInitializeOnLoad (7ms)
				EditorAssembliesLoaded (0ms)
			ExecutionOrderSort2 (0ms)
			AwakeInstancesAfterBackupRestoration (9ms)
Platform modules already initialized, skipping
Refreshing native plugins compatible for Editor in 0.68 ms, found 3 plugins.
Preloading 0 native plugins for Editor in 0.00 ms.
Unloading 2932 Unused Serialized files (Serialized files now loaded: 0)
System memory in use before: 126.8 MB.
System memory in use after: 127.0 MB.

Unloading 108 unused Assets to reduce memory usage. Loaded Objects now: 3362.
Total: 4.093400 ms (FindLiveObjects: 0.268200 ms CreateObjectMapping: 0.110900 ms MarkObjects: 3.287300 ms  DeleteObjects: 0.425800 ms)

AssetImportParameters requested are different than current active one (requested -> active):
  custom:framework-win-MediaFoundation: 216162199b28c13a410421893ffa2e32 -> 
  custom:video-decoder-ogg-theora: a1e56fd34408186e4bbccfd4996cb3dc -> 
  custom:container-muxer-webm: aa71ff27fc2769a1b78a27578f13a17b -> 
  custom:container-demuxer-webm: 4f35f7cbe854078d1ac9338744f61a02 -> 
  custom:container-demuxer-ogg: 62fdf1f143b41e24485cea50d1cbac27 -> 
  custom:video-encoder-webm-vp8: eb34c28f22e8b96e1ab97ce403110664 -> 
  custom:video-decoder-webm-vp8: 9c59270c3fd7afecdb556c50c9e8de78 -> 
  custom:audio-decoder-ogg-vorbis: bf7c407c2cedff20999df2af8eb42d56 -> 
  custom:audio-encoder-webm-vorbis: bf7c407c2cedff20999df2af8eb42d56 -> 
========================================================================
Received Import Request.
  Time since last request: 870.619643 seconds.
  path: Assets/Barren Land/Preview1.jpg
  artifactKey: Guid(ad14b4b33e5a6684fbd29d1bc253efd7) Importer(815301076,1909f56bfc062723c751e8b465ee728b)
Start importing Assets/Barren Land/Preview1.jpg using Guid(ad14b4b33e5a6684fbd29d1bc253efd7) Importer(815301076,1909f56bfc062723c751e8b465ee728b)  -> (artifact id: '3e0dbc88f006878eb29421f59819e134') in 0.069611 seconds 
  Import took 0.078279 seconds .

========================================================================
Received Prepare
Registering precompiled user dll's ...
Registered in 0.006775 seconds.
ASSEMBLY OVERRIDES: * override found for Unity assembly UnityEngine.UIElementsModule.dll (override path Library/ScriptAssemblies/UnityEngine.UIElementsModule.dll)
ASSEMBLY OVERRIDES: * override found for Unity assembly UnityEditor.UIElementsModule.dll (override path Library/ScriptAssemblies/UnityEditor.UIElementsModule.dll)
ASSEMBLY OVERRIDES: * override found for Unity assembly UnityEngine.UIElementsModule.dll (override path Library/ScriptAssemblies/UnityEngine.UIElementsModule.dll)
ASSEMBLY OVERRIDES: * override found for Unity assembly UnityEditor.UIElementsModule.dll (override path Library/ScriptAssemblies/UnityEditor.UIElementsModule.dll)
Begin MonoManager ReloadAssembly
ASSEMBLY OVERRIDES: * override found for Unity assembly UnityEngine.UIElementsModule.dll (override path Library/ScriptAssemblies/UnityEngine.UIElementsModule.dll)
ASSEMBLY OVERRIDES: * override found for Unity assembly UnityEditor.UIElementsModule.dll (override path Library/ScriptAssemblies/UnityEditor.UIElementsModule.dll)
Symbol file LoadedFromMemory is not a mono symbol file
Native extension for WindowsStandalone target not found
Refreshing native plugins compatible for Editor in 0.75 ms, found 3 plugins.
Preloading 0 native plugins for Editor in 0.00 ms.
ASSEMBLY OVERRIDES: * override found for Unity assembly UnityEngine.UIElementsModule.dll (override path Library/ScriptAssemblies/UnityEngine.UIElementsModule.dll)
ASSEMBLY OVERRIDES: * override found for Unity assembly UnityEditor.UIElementsModule.dll (override path Library/ScriptAssemblies/UnityEditor.UIElementsModule.dll)
ASSEMBLY OVERRIDES: * override found for Unity assembly UnityEngine.UIElementsModule.dll (override path Library/ScriptAssemblies/UnityEngine.UIElementsModule.dll)
ASSEMBLY OVERRIDES: * override found for Unity assembly UnityEditor.UIElementsModule.dll (override path Library/ScriptAssemblies/UnityEditor.UIElementsModule.dll)
Mono: successfully reloaded assembly
- Completed reload, in  1.031 seconds
Domain Reload Profiling:
	ReloadAssembly (1032ms)
		BeginReloadAssembly (153ms)
			ExecutionOrderSort (0ms)
			DisableScriptedObjects (6ms)
			BackupInstance (0ms)
			ReleaseScriptingObjects (0ms)
			CreateAndSetChildDomain (64ms)
		EndReloadAssembly (821ms)
			LoadAssemblies (86ms)
			RebuildTransferFunctionScriptingTraits (0ms)
			SetupTypeCache (256ms)
			ReleaseScriptCaches (1ms)
			RebuildScriptCaches (42ms)
			SetupLoadedEditorAssemblies (338ms)
				LogAssemblyErrors (0ms)
				InitializePlatformSupportModulesInManaged (4ms)
				SetLoadedEditorAssemblies (0ms)
				RefreshPlugins (1ms)
				BeforeProcessingInitializeOnLoad (100ms)
				ProcessInitializeOnLoadAttributes (179ms)
				ProcessInitializeOnLoadMethodAttributes (47ms)
				AfterProcessingInitializeOnLoad (7ms)
				EditorAssembliesLoaded (0ms)
			ExecutionOrderSort2 (0ms)
			AwakeInstancesAfterBackupRestoration (8ms)
Platform modules already initialized, skipping
Refreshing native plugins compatible for Editor in 0.80 ms, found 3 plugins.
Preloading 0 native plugins for Editor in 0.00 ms.
Unloading 2932 Unused Serialized files (Serialized files now loaded: 0)
System memory in use before: 126.8 MB.
System memory in use after: 127.0 MB.

Unloading 108 unused Assets to reduce memory usage. Loaded Objects now: 3366.
Total: 3.487300 ms (FindLiveObjects: 0.304100 ms CreateObjectMapping: 0.131800 ms MarkObjects: 2.646800 ms  DeleteObjects: 0.403800 ms)

AssetImportParameters requested are different than current active one (requested -> active):
  custom:framework-win-MediaFoundation: 216162199b28c13a410421893ffa2e32 -> 
  custom:video-decoder-ogg-theora: a1e56fd34408186e4bbccfd4996cb3dc -> 
  custom:container-muxer-webm: aa71ff27fc2769a1b78a27578f13a17b -> 
  custom:container-demuxer-webm: 4f35f7cbe854078d1ac9338744f61a02 -> 
  custom:container-demuxer-ogg: 62fdf1f143b41e24485cea50d1cbac27 -> 
  custom:video-encoder-webm-vp8: eb34c28f22e8b96e1ab97ce403110664 -> 
  custom:video-decoder-webm-vp8: 9c59270c3fd7afecdb556c50c9e8de78 -> 
  custom:audio-decoder-ogg-vorbis: bf7c407c2cedff20999df2af8eb42d56 -> 
  custom:audio-encoder-webm-vorbis: bf7c407c2cedff20999df2af8eb42d56 -> 
